<?xml version="1.0" encoding="UTF-8"?>
<!-- Generated by org.testng.reporters.JUnitReportReporter -->
<testsuite hostname="Sh" name="com.pack.GoogleSearchTest" tests="1" failures="0" timestamp="2 Jul 2015 19:50:47 GMT" time="4.374" errors="0">
  <testcase name="verifyGooglePageTittle" time="4.374" classname="com.pack.GoogleSearchTest"/>
</testsuite> <!-- com.pack.GoogleSearchTest -->
