<?xml version="1.0" encoding="UTF-8"?>
<!-- Generated by org.testng.reporters.JUnitReportReporter -->
<testsuite hostname="Sh" name="com.pack.test.GoogleSearchTest" tests="3" failures="0" timestamp="7 Jul 2015 17:37:20 GMT" time="2.648" errors="0">
  <testcase name="clicOnSearchBtn" time="0.301" classname="com.pack.test.GoogleSearchTest"/>
  <testcase name="setSearchKeyword" time="0.286" classname="com.pack.test.GoogleSearchTest"/>
  <testcase name="verifyGooglePageTittle" time="2.061" classname="com.pack.test.GoogleSearchTest"/>
</testsuite> <!-- com.pack.test.GoogleSearchTest -->
