<?xml version="1.0" encoding="UTF-8"?>
<!-- Generated by org.testng.reporters.JUnitReportReporter -->
<testsuite hostname="Sh" name="com.pack.test.GoogleSearchTest" tests="3" failures="0" timestamp="7 Jul 2015 17:48:10 GMT" time="3.398" errors="0">
  <testcase name="clicOnSearchBtn" time="0.471" classname="com.pack.test.GoogleSearchTest"/>
  <testcase name="setSearchKeyword" time="0.285" classname="com.pack.test.GoogleSearchTest"/>
  <testcase name="verifyGooglePageTittle" time="2.642" classname="com.pack.test.GoogleSearchTest"/>
</testsuite> <!-- com.pack.test.GoogleSearchTest -->
