<?xml version="1.0" encoding="UTF-8"?>
<!-- Generated by org.testng.reporters.JUnitReportReporter -->
<testsuite hostname="Sh" name="com.pack.GoogleSearchTest" tests="1" failures="0" timestamp="29 Jun 2015 16:10:12 GMT" time="2.210" errors="0">
  <testcase name="verifyGooglePageTittle" time="2.210" classname="com.pack.GoogleSearchTest"/>
</testsuite> <!-- com.pack.GoogleSearchTest -->
